{
  "Cucumber Features": {
    "coverage": {
      "/Users/claudiadonovan/Code/projects/oodls2/lib/app.rb": [
        1,
        null,
        1,
        1,
        null,
        1,
        null,
        1,
        3,
        null,
        null,
        1,
        null
      ],
      "/Users/claudiadonovan/Code/projects/oodls2/lib/controllers/application.rb": [
        1,
        null,
        1,
        1,
        null,
        null,
        null
      ],
      "/Users/claudiadonovan/Code/projects/oodls2/lib/controllers/about_oodls.rb": [
        1,
        null,
        1,
        1,
        null,
        null,
        null
      ]
    },
    "timestamp": 1425229612
  },
  "RSpec": {
    "coverage": {
      "/Users/claudiadonovan/Code/projects/oodls/lib/app.rb": [
        1,
        1,
        1,
        1,
        1,
        null,
        3,
        10,
        null,
        1,
        1,
        null,
        1,
        null,
        1,
        1,
        null,
        1,
        1,
        null,
        1,
        69,
        1,
        null,
        1,
        null
      ],
      "/Users/claudiadonovan/Code/projects/oodls/lib/models/listing.rb": [
        1,
        null,
        1,
        null,
        1,
        null,
        1,
        1,
        1,
        1,
        1,
        1,
        1,
        null,
        1,
        null,
        null
      ],
      "/Users/claudiadonovan/Code/projects/oodls/lib/models/user.rb": [
        1,
        null,
        1,
        null,
        1,
        null,
        1,
        1,
        1,
        1,
        1,
        1,
        1,
        null,
        1,
        null,
        1,
        1,
        null,
        1,
        null,
        null,
        1,
        18,
        18,
        null,
        null,
        1,
        13,
        13,
        12,
        null,
        null,
        null,
        null,
        null,
        null
      ],
      "/Users/claudiadonovan/Code/projects/oodls/lib/controllers/application_controller.rb": [
        1,
        null,
        1,
        3,
        null,
        null,
        1,
        0,
        null,
        null,
        1,
        0,
        null,
        null,
        1,
        0,
        null,
        null,
        null
      ],
      "/Users/claudiadonovan/Code/projects/oodls/lib/controllers/donation_controller.rb": [
        1,
        null,
        1,
        0,
        null,
        null,
        1,
        0,
        null,
        null,
        null
      ],
      "/Users/claudiadonovan/Code/projects/oodls/lib/controllers/listings/edit_listing_controller.rb": [
        1,
        null,
        1,
        3,
        3,
        3,
        null,
        null,
        null,
        1,
        1,
        1,
        null,
        null,
        null,
        1,
        1,
        null,
        null,
        1,
        1,
        1,
        1,
        1,
        null,
        null,
        null
      ],
      "/Users/claudiadonovan/Code/projects/oodls/lib/controllers/listings/new_listing_controller.rb": [
        1,
        null,
        1,
        1,
        null,
        null,
        1,
        1,
        1,
        null,
        null,
        null,
        null,
        1,
        null,
        null,
        null
      ],
      "/Users/claudiadonovan/Code/projects/oodls/lib/controllers/listings/show_all_listings_controller.rb": [
        1,
        null,
        1,
        1,
        1,
        null,
        null,
        null
      ],
      "/Users/claudiadonovan/Code/projects/oodls/lib/controllers/users/edit_delete_account_controller.rb": [
        1,
        null,
        1,
        20,
        19,
        19,
        null,
        20,
        null,
        null,
        1,
        4,
        4,
        null,
        null,
        1,
        2,
        2,
        null,
        null,
        null,
        null,
        2,
        2,
        null,
        null,
        1,
        1,
        1,
        1,
        1,
        null,
        null,
        null
      ],
      "/Users/claudiadonovan/Code/projects/oodls/lib/controllers/users/user_homepage_controller.rb": [
        1,
        null,
        1,
        0,
        0,
        0,
        null,
        0,
        null,
        null,
        null
      ],
      "/Users/claudiadonovan/Code/projects/oodls/lib/controllers/users/user_sign_in_controller.rb": [
        1,
        null,
        1,
        15,
        null,
        null,
        1,
        13,
        13,
        13,
        12,
        12,
        null,
        1,
        1,
        null,
        null,
        null,
        1,
        1,
        1,
        1,
        null,
        null,
        null,
        null
      ],
      "/Users/claudiadonovan/Code/projects/oodls/lib/controllers/users/user_sign_up_controller.rb": [
        1,
        null,
        1,
        17,
        0,
        null,
        17,
        null,
        null,
        1,
        4,
        4,
        null,
        null,
        1,
        2,
        null,
        null,
        null,
        null,
        2,
        1,
        1,
        null,
        1,
        1,
        null,
        null,
        null,
        null
      ],
      "/Users/claudiadonovan/Code/projects/oodls/lib/data_mapper_setup.rb": [
        1,
        1,
        1,
        null,
        1,
        null,
        1,
        null,
        1,
        1
      ],
      "/Users/claudiadonovan/Code/projects/oodls/lib/helper_methods/helper.rb": [
        1,
        314,
        null,
        null,
        1,
        14,
        null
      ]
    },
    "timestamp": 1426267274
  }
}
